<?xml version="1.0" encoding="UTF-8"?>
<!DOCTYPE html PUBLIC "-//W3C//DTD XHTML 1.0 Strict//EN" "http://www.w3.org/TR/xhtml1/DTD/xhtml1-strict.dtd">
<html xmlns="http://www.w3.org/1999/xhtml">
<head>
    <title>外勤登录</title>
    <meta name="generator" content="HTMLTestRunner 0.8.2"/>
    <meta http-equiv="Content-Type" content="text/html; charset=UTF-8"/>
    
<style type="text/css" media="screen">
body        { font-family: verdana, arial, helvetica, sans-serif; font-size: 80%; }
table       { font-size: 100%; }
pre         { }

/* -- heading ---------------------------------------------------------------------- */
h1 {
	font-size: 16pt;
	color: gray;
}
.heading {
    margin-top: 0ex;
    margin-bottom: 1ex;
}

.heading .attribute {
    margin-top: 1ex;
    margin-bottom: 0;
}

.heading .description {
    margin-top: 4ex;
    margin-bottom: 6ex;
}

/* -- css div popup ------------------------------------------------------------------------ */
a.popup_link {
}

a.popup_link:hover {
    color: red;
}

.popup_window {
    display: none;
    position: relative;
    left: 0px;
    top: 0px;
    /*border: solid #627173 1px; */
    padding: 10px;
    background-color: #E6E6D6;
    font-family: "Lucida Console", "Courier New", Courier, monospace;
    text-align: left;
    font-size: 8pt;
    width: 500px;
}

}
/* -- report ------------------------------------------------------------------------ */
#show_detail_line {
    margin-top: 3ex;
    margin-bottom: 1ex;
}
#result_table {
    width: 80%;
    border-collapse: collapse;
    border: 1px solid #777;
}
#header_row {
    font-weight: bold;
    color: white;
    background-color: #777;
}
#result_table td {
    border: 1px solid #777;
    padding: 2px;
}
#total_row  { font-weight: bold; }
.passClass  { background-color: #6c6; }
.failClass  { background-color: #c60; }
.errorClass { background-color: #c00; }
.passCase   { color: #6c6; }
.failCase   { color: #c60; font-weight: bold; }
.errorCase  { color: #c00; font-weight: bold; }
.hiddenRow  { display: none; }
.testcase   { margin-left: 2em; }


/* -- ending ---------------------------------------------------------------------- */
#ending {
}

</style>

</head>
<body>
<script language="javascript" type="text/javascript"><!--
output_list = Array();

/* level - 0:Summary; 1:Failed; 2:All */
function showCase(level) {
    trs = document.getElementsByTagName("tr");
    for (var i = 0; i < trs.length; i++) {
        tr = trs[i];
        id = tr.id;
        if (id.substr(0,2) == 'ft') {
            if (level < 1) {
                tr.className = 'hiddenRow';
            }
            else {
                tr.className = '';
            }
        }
        if (id.substr(0,2) == 'pt') {
            if (level > 1) {
                tr.className = '';
            }
            else {
                tr.className = 'hiddenRow';
            }
        }
    }
}


function showClassDetail(cid, count) {
    var id_list = Array(count);
    var toHide = 1;
    for (var i = 0; i < count; i++) {
        tid0 = 't' + cid.substr(1) + '.' + (i+1);
        tid = 'f' + tid0;
        tr = document.getElementById(tid);
        if (!tr) {
            tid = 'p' + tid0;
            tr = document.getElementById(tid);
        }
        id_list[i] = tid;
        if (tr.className) {
            toHide = 0;
        }
    }
    for (var i = 0; i < count; i++) {
        tid = id_list[i];
        if (toHide) {
            document.getElementById('div_'+tid).style.display = 'none'
            document.getElementById(tid).className = 'hiddenRow';
        }
        else {
            document.getElementById(tid).className = '';
        }
    }
}


function showTestDetail(div_id){
    var details_div = document.getElementById(div_id)
    var displayState = details_div.style.display
    // alert(displayState)
    if (displayState != 'block' ) {
        displayState = 'block'
        details_div.style.display = 'block'
    }
    else {
        details_div.style.display = 'none'
    }
}


function html_escape(s) {
    s = s.replace(/&/g,'&amp;');
    s = s.replace(/</g,'&lt;');
    s = s.replace(/>/g,'&gt;');
    return s;
}

/* obsoleted by detail in <div>
function showOutput(id, name) {
    var w = window.open("", //url
                    name,
                    "resizable,scrollbars,status,width=800,height=450");
    d = w.document;
    d.write("<pre>");
    d.write(html_escape(output_list[id]));
    d.write("\n");
    d.write("<a href='javascript:window.close()'>close</a>\n");
    d.write("</pre>\n");
    d.close();
}
*/
--></script>

<div class='heading'>
<h1>外勤登录</h1>
<p class='attribute'><strong>Start Time:</strong> 2023-04-17 10:54:42</p>
<p class='attribute'><strong>Duration:</strong> 0:00:39.770745</p>
<p class='attribute'><strong>Status:</strong> Error 2</p>

<p class='description'>用例执行情况：</p>
</div>



<p id='show_detail_line'>Show
<a href='javascript:showCase(0)'>Summary</a>
<a href='javascript:showCase(1)'>Failed</a>
<a href='javascript:showCase(2)'>All</a>
</p>
<table id='result_table'>
<colgroup>
<col align='left' />
<col align='right' />
<col align='right' />
<col align='right' />
<col align='right' />
<col align='right' />
</colgroup>
<tr id='header_row'>
    <td>Test Group/Test case</td>
    <td>Count</td>
    <td>Pass</td>
    <td>Fail</td>
    <td>Error</td>
    <td>View</td>
</tr>

<tr class='errorClass'>
    <td>test_login.TestLogin</td>
    <td>2</td>
    <td>0</td>
    <td>0</td>
    <td>2</td>
    <td><a href="javascript:showClassDetail('c1',2)">Detail</a></td>
</tr>

<tr id='ft1.1' class='none'>
    <td class='errorCase'><div class='testcase'>test_01_login_1___admin____123456__: 测试登录</div></td>
    <td colspan='5' align='center'>

    <!--css div popup start-->
    <a class="popup_link" onfocus='this.blur();' href="javascript:showTestDetail('div_ft1.1')" >
        error</a>

    <div id='div_ft1.1' class="popup_window">
        <div style='text-align: right; color:red;cursor:pointer'>
        <a onfocus='this.blur();' onclick="document.getElementById('div_ft1.1').style.display = 'none' " >
           [x]</a>
        </div>
        <pre>
        
ft1.1: Traceback (most recent call last):
  File "C:\Users\nature\AppData\Local\Programs\Python\Python311\Lib\site-packages\ddt.py", line 220, in wrapper
    return func(self, *args, **kwargs)
           ^^^^^^^^^^^^^^^^^^^^^^^^^^^
  File "F:\work\python\web_automation\waiqin\testcase\test_login.py", line 38, in test_01_login
    l = LoginPage()
        ^^^^^^^^^^^
  File "F:\work/python\web_automation\waiqin\base\base_page.py", line 18, in __init__
    driver = webdriver.Chrome()
             ^^^^^^^^^^^^^^^^^^
  File "C:\Users\nature\AppData\Local\Programs\Python\Python311\Lib\site-packages\selenium\webdriver\chrome\webdriver.py", line 81, in __init__
    super().__init__(
  File "C:\Users\nature\AppData\Local\Programs\Python\Python311\Lib\site-packages\selenium\webdriver\chromium\webdriver.py", line 106, in __init__
    super().__init__(
  File "C:\Users\nature\AppData\Local\Programs\Python\Python311\Lib\site-packages\selenium\webdriver\remote\webdriver.py", line 288, in __init__
    self.start_session(capabilities, browser_profile)
  File "C:\Users\nature\AppData\Local\Programs\Python\Python311\Lib\site-packages\selenium\webdriver\remote\webdriver.py", line 381, in start_session
    response = self.execute(Command.NEW_SESSION, parameters)
               ^^^^^^^^^^^^^^^^^^^^^^^^^^^^^^^^^^^^^^^^^^^^^
  File "C:\Users\nature\AppData\Local\Programs\Python\Python311\Lib\site-packages\selenium\webdriver\remote\webdriver.py", line 444, in execute
    self.error_handler.check_response(response)
  File "C:\Users\nature\AppData\Local\Programs\Python\Python311\Lib\site-packages\selenium\webdriver\remote\errorhandler.py", line 249, in check_response
    raise exception_class(message, screen, stacktrace)
selenium.common.exceptions.WebDriverException: Message: unknown error: cannot find Chrome binary
Stacktrace:
Backtrace:
	GetHandleVerifier [0x0039DCE3+50899]
	(No symbol) [0x0032E111]
	(No symbol) [0x00235588]
	(No symbol) [0x00250AAB]
	(No symbol) [0x0024F479]
	(No symbol) [0x00281FFE]
	(No symbol) [0x00281CEC]
	(No symbol) [0x0027B6F6]
	(No symbol) [0x00257708]
	(No symbol) [0x0025886D]
	GetHandleVerifier [0x00603EAE+2566302]
	GetHandleVerifier [0x006392B1+2784417]
	GetHandleVerifier [0x0063327C+2759788]
	GetHandleVerifier [0x00435740+672048]
	(No symbol) [0x00338872]
	(No symbol) [0x003341C8]
	(No symbol) [0x003342AB]
	(No symbol) [0x003271B7]
	BaseThreadInitThunk [0x76C60099+25]
	RtlGetAppContainerNamedObjectPath [0x770B7B6E+286]
	RtlGetAppContainerNamedObjectPath [0x770B7B3E+238]

Traceback (most recent call last):
  File "C:\Users\nature\AppData\Local\Programs\Python\Python311\Lib\site-packages\ddt.py", line 220, in wrapper
    return func(self, *args, **kwargs)
           ^^^^^^^^^^^^^^^^^^^^^^^^^^^
  File "F:\work\python\web_automation\waiqin\testcase\test_login.py", line 38, in test_01_login
    l = LoginPage()
        ^^^^^^^^^^^
  File "F:\work/python\web_automation\waiqin\base\base_page.py", line 18, in __init__
    driver = webdriver.Chrome()
             ^^^^^^^^^^^^^^^^^^
  File "C:\Users\nature\AppData\Local\Programs\Python\Python311\Lib\site-packages\selenium\webdriver\chrome\webdriver.py", line 81, in __init__
    super().__init__(
  File "C:\Users\nature\AppData\Local\Programs\Python\Python311\Lib\site-packages\selenium\webdriver\chromium\webdriver.py", line 106, in __init__
    super().__init__(
  File "C:\Users\nature\AppData\Local\Programs\Python\Python311\Lib\site-packages\selenium\webdriver\remote\webdriver.py", line 288, in __init__
    self.start_session(capabilities, browser_profile)
  File "C:\Users\nature\AppData\Local\Programs\Python\Python311\Lib\site-packages\selenium\webdriver\remote\webdriver.py", line 381, in start_session
    response = self.execute(Command.NEW_SESSION, parameters)
               ^^^^^^^^^^^^^^^^^^^^^^^^^^^^^^^^^^^^^^^^^^^^^
  File "C:\Users\nature\AppData\Local\Programs\Python\Python311\Lib\site-packages\selenium\webdriver\remote\webdriver.py", line 444, in execute
    self.error_handler.check_response(response)
  File "C:\Users\nature\AppData\Local\Programs\Python\Python311\Lib\site-packages\selenium\webdriver\remote\errorhandler.py", line 249, in check_response
    raise exception_class(message, screen, stacktrace)
selenium.common.exceptions.WebDriverException: Message: unknown error: cannot find Chrome binary
Stacktrace:
Backtrace:
	GetHandleVerifier [0x0039DCE3+50899]
	(No symbol) [0x0032E111]
	(No symbol) [0x00235588]
	(No symbol) [0x00250AAB]
	(No symbol) [0x0024F479]
	(No symbol) [0x00281FFE]
	(No symbol) [0x00281CEC]
	(No symbol) [0x0027B6F6]
	(No symbol) [0x00257708]
	(No symbol) [0x0025886D]
	GetHandleVerifier [0x00603EAE+2566302]
	GetHandleVerifier [0x006392B1+2784417]
	GetHandleVerifier [0x0063327C+2759788]
	GetHandleVerifier [0x00435740+672048]
	(No symbol) [0x00338872]
	(No symbol) [0x003341C8]
	(No symbol) [0x003342AB]
	(No symbol) [0x003271B7]
	BaseThreadInitThunk [0x76C60099+25]
	RtlGetAppContainerNamedObjectPath [0x770B7B6E+286]
	RtlGetAppContainerNamedObjectPath [0x770B7B3E+238]



        </pre>
    </div>
    <!--css div popup end-->

    </td>
</tr>

<tr id='ft1.2' class='none'>
    <td class='errorCase'><div class='testcase'>test_01_login_2___nature____123456__: 测试登录</div></td>
    <td colspan='5' align='center'>

    <!--css div popup start-->
    <a class="popup_link" onfocus='this.blur();' href="javascript:showTestDetail('div_ft1.2')" >
        error</a>

    <div id='div_ft1.2' class="popup_window">
        <div style='text-align: right; color:red;cursor:pointer'>
        <a onfocus='this.blur();' onclick="document.getElementById('div_ft1.2').style.display = 'none' " >
           [x]</a>
        </div>
        <pre>
        
ft1.2: Traceback (most recent call last):
  File "C:\Users\nature\AppData\Local\Programs\Python\Python311\Lib\site-packages\ddt.py", line 220, in wrapper
    return func(self, *args, **kwargs)
           ^^^^^^^^^^^^^^^^^^^^^^^^^^^
  File "F:\work\python\web_automation\waiqin\testcase\test_login.py", line 38, in test_01_login
    l = LoginPage()
        ^^^^^^^^^^^
  File "F:\work/python\web_automation\waiqin\base\base_page.py", line 18, in __init__
    driver = webdriver.Chrome()
             ^^^^^^^^^^^^^^^^^^
  File "C:\Users\nature\AppData\Local\Programs\Python\Python311\Lib\site-packages\selenium\webdriver\chrome\webdriver.py", line 81, in __init__
    super().__init__(
  File "C:\Users\nature\AppData\Local\Programs\Python\Python311\Lib\site-packages\selenium\webdriver\chromium\webdriver.py", line 106, in __init__
    super().__init__(
  File "C:\Users\nature\AppData\Local\Programs\Python\Python311\Lib\site-packages\selenium\webdriver\remote\webdriver.py", line 288, in __init__
    self.start_session(capabilities, browser_profile)
  File "C:\Users\nature\AppData\Local\Programs\Python\Python311\Lib\site-packages\selenium\webdriver\remote\webdriver.py", line 381, in start_session
    response = self.execute(Command.NEW_SESSION, parameters)
               ^^^^^^^^^^^^^^^^^^^^^^^^^^^^^^^^^^^^^^^^^^^^^
  File "C:\Users\nature\AppData\Local\Programs\Python\Python311\Lib\site-packages\selenium\webdriver\remote\webdriver.py", line 444, in execute
    self.error_handler.check_response(response)
  File "C:\Users\nature\AppData\Local\Programs\Python\Python311\Lib\site-packages\selenium\webdriver\remote\errorhandler.py", line 249, in check_response
    raise exception_class(message, screen, stacktrace)
selenium.common.exceptions.WebDriverException: Message: unknown error: cannot find Chrome binary
Stacktrace:
Backtrace:
	GetHandleVerifier [0x0039DCE3+50899]
	(No symbol) [0x0032E111]
	(No symbol) [0x00235588]
	(No symbol) [0x00250AAB]
	(No symbol) [0x0024F479]
	(No symbol) [0x00281FFE]
	(No symbol) [0x00281CEC]
	(No symbol) [0x0027B6F6]
	(No symbol) [0x00257708]
	(No symbol) [0x0025886D]
	GetHandleVerifier [0x00603EAE+2566302]
	GetHandleVerifier [0x006392B1+2784417]
	GetHandleVerifier [0x0063327C+2759788]
	GetHandleVerifier [0x00435740+672048]
	(No symbol) [0x00338872]
	(No symbol) [0x003341C8]
	(No symbol) [0x003342AB]
	(No symbol) [0x003271B7]
	BaseThreadInitThunk [0x76C60099+25]
	RtlGetAppContainerNamedObjectPath [0x770B7B6E+286]
	RtlGetAppContainerNamedObjectPath [0x770B7B3E+238]

Traceback (most recent call last):
  File "C:\Users\nature\AppData\Local\Programs\Python\Python311\Lib\site-packages\ddt.py", line 220, in wrapper
    return func(self, *args, **kwargs)
           ^^^^^^^^^^^^^^^^^^^^^^^^^^^
  File "F:\work\python\web_automation\waiqin\testcase\test_login.py", line 38, in test_01_login
    l = LoginPage()
        ^^^^^^^^^^^
  File "F:\work/python\web_automation\waiqin\base\base_page.py", line 18, in __init__
    driver = webdriver.Chrome()
             ^^^^^^^^^^^^^^^^^^
  File "C:\Users\nature\AppData\Local\Programs\Python\Python311\Lib\site-packages\selenium\webdriver\chrome\webdriver.py", line 81, in __init__
    super().__init__(
  File "C:\Users\nature\AppData\Local\Programs\Python\Python311\Lib\site-packages\selenium\webdriver\chromium\webdriver.py", line 106, in __init__
    super().__init__(
  File "C:\Users\nature\AppData\Local\Programs\Python\Python311\Lib\site-packages\selenium\webdriver\remote\webdriver.py", line 288, in __init__
    self.start_session(capabilities, browser_profile)
  File "C:\Users\nature\AppData\Local\Programs\Python\Python311\Lib\site-packages\selenium\webdriver\remote\webdriver.py", line 381, in start_session
    response = self.execute(Command.NEW_SESSION, parameters)
               ^^^^^^^^^^^^^^^^^^^^^^^^^^^^^^^^^^^^^^^^^^^^^
  File "C:\Users\nature\AppData\Local\Programs\Python\Python311\Lib\site-packages\selenium\webdriver\remote\webdriver.py", line 444, in execute
    self.error_handler.check_response(response)
  File "C:\Users\nature\AppData\Local\Programs\Python\Python311\Lib\site-packages\selenium\webdriver\remote\errorhandler.py", line 249, in check_response
    raise exception_class(message, screen, stacktrace)
selenium.common.exceptions.WebDriverException: Message: unknown error: cannot find Chrome binary
Stacktrace:
Backtrace:
	GetHandleVerifier [0x0039DCE3+50899]
	(No symbol) [0x0032E111]
	(No symbol) [0x00235588]
	(No symbol) [0x00250AAB]
	(No symbol) [0x0024F479]
	(No symbol) [0x00281FFE]
	(No symbol) [0x00281CEC]
	(No symbol) [0x0027B6F6]
	(No symbol) [0x00257708]
	(No symbol) [0x0025886D]
	GetHandleVerifier [0x00603EAE+2566302]
	GetHandleVerifier [0x006392B1+2784417]
	GetHandleVerifier [0x0063327C+2759788]
	GetHandleVerifier [0x00435740+672048]
	(No symbol) [0x00338872]
	(No symbol) [0x003341C8]
	(No symbol) [0x003342AB]
	(No symbol) [0x003271B7]
	BaseThreadInitThunk [0x76C60099+25]
	RtlGetAppContainerNamedObjectPath [0x770B7B6E+286]
	RtlGetAppContainerNamedObjectPath [0x770B7B3E+238]



        </pre>
    </div>
    <!--css div popup end-->

    </td>
</tr>

<tr id='total_row'>
    <td>Total</td>
    <td>2</td>
    <td>0</td>
    <td>0</td>
    <td>2</td>
    <td>&nbsp;</td>
</tr>
</table>

<div id='ending'>&nbsp;</div>

</body>
</html>
